
0it [00:00, ?it/s]
1it [00:00,  6.06it/s]
22it [00:00, 99.70it/s]
35it [00:00, 101.42it/s]
55it [00:00, 132.50it/s]
75it [00:00, 152.51it/s]
94it [00:00, 160.91it/s]
113it [00:00, 168.51it/s]
132it [00:00, 155.87it/s]
150it [00:01, 160.76it/s]
167it [00:01, 154.78it/s]
183it [00:01, 129.36it/s]
203it [00:01, 144.29it/s]
219it [00:01, 99.69it/s] 
232it [00:01, 96.98it/s]
244it [00:02, 78.27it/s]
254it [00:03, 24.30it/s]
275it [00:03, 37.70it/s]
294it [00:03, 51.94it/s]
315it [00:03, 70.54it/s]
331it [00:03, 80.76it/s]
352it [00:04, 102.04it/s]
373it [00:04, 122.28it/s]
393it [00:04, 138.64it/s]
412it [00:04, 145.69it/s]
434it [00:04, 162.71it/s]
453it [00:04, 155.23it/s]
471it [00:04, 158.03it/s]
480it [00:04, 100.65it/s]

0it [00:00, ?it/s]
5it [00:00, 42.86it/s]
10it [00:00, 42.87it/s]
28it [00:00, 99.07it/s]
48it [00:00, 135.67it/s]
68it [00:00, 156.04it/s]
86it [00:00, 161.88it/s]
105it [00:00, 168.09it/s]
122it [00:00, 153.13it/s]
142it [00:00, 165.55it/s]
162it [00:01, 174.65it/s]
182it [00:01, 179.74it/s]
201it [00:01, 173.02it/s]
219it [00:01, 157.84it/s]
237it [00:01, 161.74it/s]
254it [00:01, 161.47it/s]
271it [00:01, 159.10it/s]
288it [00:01, 142.64it/s]
303it [00:02, 141.77it/s]
318it [00:02, 54.86it/s] 
337it [00:02, 71.54it/s]
355it [00:02, 85.64it/s]
372it [00:03, 99.94it/s]
391it [00:03, 116.82it/s]
408it [00:03, 128.35it/s]
425it [00:03, 122.16it/s]
442it [00:03, 129.39it/s]
457it [00:03, 104.90it/s]
470it [00:03, 92.36it/s] 
480it [00:04, 109.30it/s]

/public4/dataset_yl/forecastpower/shandongforecast/shandong_power/2024/202411/20241114
模型加载完成
the system time is 2024-11-14 15:00:05.116489
480
参数加载完成
2024-11-14 15:02:31 CST: 1-solar push
模型加载完成
the system time is 2024-11-14 15:00:05.116489
480
参数加载完成
2024-11-14 15:02:43 CST: 2-wind push

