/public4/dataset_yl/forecastpower/nwp_grib/2024111300
/public4/dataset_yl/forecastpower/nwp_push/shandong_2024111300.nc
2024-11-13 22:41:18.987249
ok
64 days, 8:11:18.988034

/public4/dataset_yl/forecastpower/nwp_grib/2024111312
/public4/dataset_yl/forecastpower/nwp_push/shandong_2024111312.nc
2024-11-14 05:51:27.129524
ok
64 days, 15:25:11.078859
/public4/dataset_yl/forecastpower/nwp_grib/2024111312/W_NAFP_C_ECMF_20241113181205_P_D1D11131200111321001-ACHN.grib2
/public4/dataset_yl/forecastpower/nwp_grib/2024111312/W_NAFP_C_ECMF_20241113182336_P_D1D11131200111712001-ACHN.grib2
/public4/dataset_yl/forecastpower/nwp_grib/2024111312/W_NAFP_C_ECMF_20241113184454_P_D1D11131200112112001-ACHN.grib2
/public4/dataset_yl/forecastpower/nwp_grib/2024111312/W_NAFP_C_ECMF_20241113182909_P_D1D11131200111900001-ACHN.grib2
/public4/dataset_yl/forecastpower/nwp_grib/2024111312/W_NAFP_C_ECMF_20241113181550_P_D1D11131200111509001-ACHN.grib2
/public4/dataset_yl/forecastpower/nwp_grib/2024111312/W_NAFP_C_ECMF_20241113182337_P_D1D11131200111718001-ACHN.grib2
/public4/dataset_yl/forecastpower/nwp_grib/2024111312/W_NAFP_C_ECMF_20241113182005_P_D1D11131200111615001-ACHN.grib2
/public4/dataset_yl/forecastpower/nwp_grib/2024111312/W_NAFP_C_ECMF_20241113181550_P_D1D11131200111600001-ACHN.grib2
/public4/dataset_yl/forecastpower/nwp_grib/2024111312/W_NAFP_C_ECMF_20241113181612_P_D1D11131200111412001-ACHN.grib2
/public4/dataset_yl/forecastpower/nwp_grib/2024111312/W_NAFP_C_ECMF_20241113181704_P_D1D11131200111609001-ACHN.grib2
/public4/dataset_yl/forecastpower/nwp_grib/2024111312/W_NAFP_C_ECMF_20241113181611_P_D1D11131200111421001-ACHN.grib2
/public4/dataset_yl/forecastpower/nwp_grib/2024111312/W_NAFP_C_ECMF_20241113184650_P_D1D11131200112118001-ACHN.grib2
/public4/dataset_yl/forecastpower/nwp_grib/2024111312/W_NAFP_C_ECMF_20241113181205_P_D1D11131200111406001-ACHN.grib2
/public4/dataset_yl/forecastpower/nwp_grib/2024111312/W_NAFP_C_ECMF_20241113184258_P_D1D11131200112100001-ACHN.grib2
/public4/dataset_yl/forecastpower/nwp_grib/2024111312/W_NAFP_C_ECMF_20241113181204_P_D1D11131200111403001-ACHN.grib2
/public4/dataset_yl/forecastpower/nwp_grib/2024111312/W_NAFP_C_ECMF_20241113181205_P_D1D11131200111315001-ACHN.grib2
/public4/dataset_yl/forecastpower/nwp_grib/2024111312/W_NAFP_C_ECMF_20241113184113_P_D1D11131200112018001-ACHN.grib2
/public4/dataset_yl/forecastpower/nwp_grib/2024111312/W_NAFP_C_ECMF_20241113184113_P_D1D11131200112012001-ACHN.grib2
/public4/dataset_yl/forecastpower/nwp_grib/2024111312/W_NAFP_C_ECMF_20241113184948_P_D1D11131200112006001-ACHN.grib2
/public4/dataset_yl/forecastpower/nwp_grib/2024111312/W_NAFP_C_ECMF_20241113182659_P_D1D11131200111821001-ACHN.grib2
/public4/dataset_yl/forecastpower/nwp_grib/2024111312/W_NAFP_C_ECMF_20241113181705_P_D1D11131200111603001-ACHN.grib2
/public4/dataset_yl/forecastpower/nwp_grib/2024111312/W_NAFP_C_ECMF_20241113183251_P_D1D11131200111909001-ACHN.grib2
/public4/dataset_yl/forecastpower/nwp_grib/2024111312/W_NAFP_C_ECMF_20241113182005_P_D1D11131200111618001-ACHN.grib2
/public4/dataset_yl/forecastpower/nwp_grib/2024111312/W_NAFP_C_ECMF_20241113182145_P_D1D11131200111700001-ACHN.grib2
/public4/dataset_yl/forecastpower/nwp_grib/2024111312/W_NAFP_C_ECMF_20241113182145_P_D1D11131200111715001-ACHN.grib2
/public4/dataset_yl/forecastpower/nwp_grib/2024111312/W_NAFP_C_ECMF_20241113183651_P_D1D11131200111918001-ACHN.grib2
/public4/dataset_yl/forecastpower/nwp_grib/2024111312/W_NAFP_C_ECMF_20241113185450_P_D1D11131200112300001-ACHN.grib2
/public4/dataset_yl/forecastpower/nwp_grib/2024111312/W_NAFP_C_ECMF_20241113182337_P_D1D11131200111800001-ACHN.grib2
/public4/dataset_yl/forecastpower/nwp_grib/2024111312/W_NAFP_C_ECMF_20241113182145_P_D1D11131200111515001-ACHN.grib2
/public4/dataset_yl/forecastpower/nwp_grib/2024111312/W_NAFP_C_ECMF_20241113181611_P_D1D11131200111415001-ACHN.grib2
/public4/dataset_yl/forecastpower/nwp_grib/2024111312/W_NAFP_C_ECMF_20241113182005_P_D1D11131200111518001-ACHN.grib2
/public4/dataset_yl/forecastpower/nwp_grib/2024111312/W_NAFP_C_ECMF_20241113181612_P_D1D11131200111503001-ACHN.grib2
/public4/dataset_yl/forecastpower/nwp_grib/2024111312/W_NAFP_C_ECMF_20241113183652_P_D1D11131200111912001-ACHN.grib2
/public4/dataset_yl/forecastpower/nwp_grib/2024111312/W_NAFP_C_ECMF_20241113182005_P_D1D11131200111709001-ACHN.grib2
/public4/dataset_yl/forecastpower/nwp_grib/2024111312/W_NAFP_C_ECMF_20241113182658_P_D1D11131200111815001-ACHN.grib2
/public4/dataset_yl/forecastpower/nwp_grib/2024111312/W_NAFP_C_ECMF_20241113181205_P_D1D11131200111400001-ACHN.grib2
/public4/dataset_yl/forecastpower/nwp_grib/2024111312/W_NAFP_C_ECMF_20241113184454_P_D1D11131200112106001-ACHN.grib2
/public4/dataset_yl/forecastpower/nwp_grib/2024111312/W_NAFP_C_ECMF_20241113184948_P_D1D11131200112000001-ACHN.grib2
/public4/dataset_yl/forecastpower/nwp_grib/2024111312/W_NAFP_C_ECMF_20241113181550_P_D1D11131200111606001-ACHN.grib2
/public4/dataset_yl/forecastpower/nwp_grib/2024111312/W_NAFP_C_ECMF_20241113185851_P_D1D11131200112312001-ACHN.grib2
/public4/dataset_yl/forecastpower/nwp_grib/2024111312/W_NAFP_C_ECMF_20241113182005_P_D1D11131200111506001-ACHN.grib2
/public4/dataset_yl/forecastpower/nwp_grib/2024111312/W_NAFP_C_ECMF_20241113182005_P_D1D11131200111703001-ACHN.grib2
/public4/dataset_yl/forecastpower/nwp_grib/2024111312/W_NAFP_C_ECMF_20241113182909_P_D1D11131200111806001-ACHN.grib2
/public4/dataset_yl/forecastpower/nwp_grib/2024111312/W_NAFP_C_ECMF_20241113182909_P_D1D11131200111903001-ACHN.grib2
/public4/dataset_yl/forecastpower/nwp_grib/2024111312/W_NAFP_C_ECMF_20241113181704_P_D1D11131200111418001-ACHN.grib2
/public4/dataset_yl/forecastpower/nwp_grib/2024111312/W_NAFP_C_ECMF_20241113181612_P_D1D11131200111409001-ACHN.grib2
/public4/dataset_yl/forecastpower/nwp_grib/2024111312/W_NAFP_C_ECMF_20241113182336_P_D1D11131200111803001-ACHN.grib2
/public4/dataset_yl/forecastpower/nwp_grib/2024111312/W_NAFP_C_ECMF_20241113181704_P_D1D11131200111521001-ACHN.grib2
/public4/dataset_yl/forecastpower/nwp_grib/2024111312/W_NAFP_C_ECMF_20241113181612_P_D1D11131200111512001-ACHN.grib2
/public4/dataset_yl/forecastpower/nwp_grib/2024111312/W_NAFP_C_ECMF_20241113183251_P_D1D11131200111906001-ACHN.grib2
/public4/dataset_yl/forecastpower/nwp_grib/2024111312/W_NAFP_C_ECMF_20241113185052_P_D1D11131200112206001-ACHN.grib2
/public4/dataset_yl/forecastpower/nwp_grib/2024111312/W_NAFP_C_ECMF_20241113182145_P_D1D11131200111706001-ACHN.grib2
/public4/dataset_yl/forecastpower/nwp_grib/2024111312/W_NAFP_C_ECMF_20241113180848_P_D1D11131200111312011-ACHN.grib2
/public4/dataset_yl/forecastpower/nwp_grib/2024111312/W_NAFP_C_ECMF_20241113185851_P_D1D11131200112200001-ACHN.grib2
/public4/dataset_yl/forecastpower/nwp_grib/2024111312/W_NAFP_C_ECMF_20241113185256_P_D1D11131200112218001-ACHN.grib2
/public4/dataset_yl/forecastpower/nwp_grib/2024111312/W_NAFP_C_ECMF_20241113182005_P_D1D11131200111621001-ACHN.grib2
/public4/dataset_yl/forecastpower/nwp_grib/2024111312/W_NAFP_C_ECMF_20241113182909_P_D1D11131200111818001-ACHN.grib2
/public4/dataset_yl/forecastpower/nwp_grib/2024111312/W_NAFP_C_ECMF_20241113182502_P_D1D11131200111812001-ACHN.grib2
/public4/dataset_yl/forecastpower/nwp_grib/2024111312/W_NAFP_C_ECMF_20241113182336_P_D1D11131200111809001-ACHN.grib2
/public4/dataset_yl/forecastpower/nwp_grib/2024111312/W_NAFP_C_ECMF_20241113185652_P_D1D11131200112306001-ACHN.grib2
/public4/dataset_yl/forecastpower/nwp_grib/2024111312/W_NAFP_C_ECMF_20241113182145_P_D1D11131200111721001-ACHN.grib2
/public4/dataset_yl/forecastpower/nwp_grib/2024111312/W_NAFP_C_ECMF_20241113181204_P_D1D11131200111500001-ACHN.grib2
/public4/dataset_yl/forecastpower/nwp_grib/2024111312/W_NAFP_C_ECMF_20241113181205_P_D1D11131200111318001-ACHN.grib2
/public4/dataset_yl/forecastpower/nwp_grib/2024111312/W_NAFP_C_ECMF_20241113185256_P_D1D11131200112212001-ACHN.grib2
/public4/dataset_yl/forecastpower/nwp_grib/2024111312/W_NAFP_C_ECMF_20241113182005_P_D1D11131200111612001-ACHN.grib2

/public4/dataset_yl/forecastpower/nwp_grib/2024111400
/public4/dataset_yl/forecastpower/nwp_push/shandong_2024111400.nc
2024-11-14 17:17:58.366659
ok
65 days, 2:51:49.608614
/public4/dataset_yl/forecastpower/nwp_grib/2024111400/W_NAFP_C_ECMF_20241114064456_P_D1D11140000112200001-ACHN.grib2
/public4/dataset_yl/forecastpower/nwp_grib/2024111400/W_NAFP_C_ECMF_20241114062050_P_D1D11140000111721001-ACHN.grib2
/public4/dataset_yl/forecastpower/nwp_grib/2024111400/W_NAFP_C_ECMF_20241114065054_P_D1D11140000112300001-ACHN.grib2
/public4/dataset_yl/forecastpower/nwp_grib/2024111400/W_NAFP_C_ECMF_20241114063459_P_D1D11140000111906001-ACHN.grib2
/public4/dataset_yl/forecastpower/nwp_grib/2024111400/W_NAFP_C_ECMF_20241114061906_P_D1D11140000111800001-ACHN.grib2
/public4/dataset_yl/forecastpower/nwp_grib/2024111400/W_NAFP_C_ECMF_20241114062706_P_D1D11140000111815001-ACHN.grib2
/public4/dataset_yl/forecastpower/nwp_grib/2024111400/W_NAFP_C_ECMF_20241114065449_P_D1D11140000112306001-ACHN.grib2
/public4/dataset_yl/forecastpower/nwp_grib/2024111400/W_NAFP_C_ECMF_20241114060504_P_D1D11140000111518001-ACHN.grib2
/public4/dataset_yl/forecastpower/nwp_grib/2024111400/W_NAFP_C_ECMF_20241114063459_P_D1D11140000111918001-ACHN.grib2
/public4/dataset_yl/forecastpower/nwp_grib/2024111400/W_NAFP_C_ECMF_20241114055715_P_D1D11140000111418001-ACHN.grib2
/public4/dataset_yl/forecastpower/nwp_grib/2024111400/W_NAFP_C_ECMF_20241114064456_P_D1D11140000112112001-ACHN.grib2
/public4/dataset_yl/forecastpower/nwp_grib/2024111400/W_NAFP_C_ECMF_20241114061310_P_D1D11140000111609001-ACHN.grib2
/public4/dataset_yl/forecastpower/nwp_grib/2024111400/W_NAFP_C_ECMF_20241114061906_P_D1D11140000111712001-ACHN.grib2
/public4/dataset_yl/forecastpower/nwp_grib/2024111400/W_NAFP_C_ECMF_20241114062706_P_D1D11140000111809001-ACHN.grib2
/public4/dataset_yl/forecastpower/nwp_grib/2024111400/W_NAFP_C_ECMF_20241114061121_P_D1D11140000111621001-ACHN.grib2
/public4/dataset_yl/forecastpower/nwp_grib/2024111400/W_NAFP_C_ECMF_20241114063459_P_D1D11140000111915001-ACHN.grib2
/public4/dataset_yl/forecastpower/nwp_grib/2024111400/W_NAFP_C_ECMF_20241114062706_P_D1D11140000111821001-ACHN.grib2
/public4/dataset_yl/forecastpower/nwp_grib/2024111400/W_NAFP_C_ECMF_20241114062706_P_D1D11140000111818001-ACHN.grib2
/public4/dataset_yl/forecastpower/nwp_grib/2024111400/W_NAFP_C_ECMF_20241114061906_P_D1D11140000111709001-ACHN.grib2
/public4/dataset_yl/forecastpower/nwp_grib/2024111400/W_NAFP_C_ECMF_20241114061706_P_D1D11140000111618001-ACHN.grib2
/public4/dataset_yl/forecastpower/nwp_grib/2024111400/W_NAFP_C_ECMF_20241114061546_P_D1D11140000111700001-ACHN.grib2
/public4/dataset_yl/forecastpower/nwp_grib/2024111400/W_NAFP_C_ECMF_20241114062849_P_D1D11140000111900001-ACHN.grib2
/public4/dataset_yl/forecastpower/nwp_grib/2024111400/W_NAFP_C_ECMF_20241114060133_P_D1D11140000111512001-ACHN.grib2
/public4/dataset_yl/forecastpower/nwp_grib/2024111400/W_NAFP_C_ECMF_20241114063658_P_D1D11140000111921001-ACHN.grib2
/public4/dataset_yl/forecastpower/nwp_grib/2024111400/W_NAFP_C_ECMF_20241114055053_P_D1D11140000111406001-ACHN.grib2
/public4/dataset_yl/forecastpower/nwp_grib/2024111400/W_NAFP_C_ECMF_20241114060906_P_D1D11140000111606001-ACHN.grib2
/public4/dataset_yl/forecastpower/nwp_grib/2024111400/W_NAFP_C_ECMF_20241114055850_P_D1D11140000111506001-ACHN.grib2
/public4/dataset_yl/forecastpower/nwp_grib/2024111400/W_NAFP_C_ECMF_20241114055454_P_D1D11140000111412001-ACHN.grib2
/public4/dataset_yl/forecastpower/nwp_grib/2024111400/W_NAFP_C_ECMF_20241114060504_P_D1D11140000111509001-ACHN.grib2
/public4/dataset_yl/forecastpower/nwp_grib/2024111400/W_NAFP_C_ECMF_20241114061546_P_D1D11140000111706001-ACHN.grib2
/public4/dataset_yl/forecastpower/nwp_grib/2024111400/W_NAFP_C_ECMF_20241114064456_P_D1D11140000112118001-ACHN.grib2
/public4/dataset_yl/forecastpower/nwp_grib/2024111400/W_NAFP_C_ECMF_20241114064851_P_D1D11140000112212001-ACHN.grib2
/public4/dataset_yl/forecastpower/nwp_grib/2024111400/W_NAFP_C_ECMF_20241114055454_P_D1D11140000111409001-ACHN.grib2
/public4/dataset_yl/forecastpower/nwp_grib/2024111400/W_NAFP_C_ECMF_20241114054849_P_D1D11140000111400011-ACHN.grib2
/public4/dataset_yl/forecastpower/nwp_grib/2024111400/W_NAFP_C_ECMF_20241114063256_P_D1D11140000111903001-ACHN.grib2
/public4/dataset_yl/forecastpower/nwp_grib/2024111400/W_NAFP_C_ECMF_20241114065850_P_D1D11140000112318001-ACHN.grib2
/public4/dataset_yl/forecastpower/nwp_grib/2024111400/W_NAFP_C_ECMF_20241114062507_P_D1D11140000111803001-ACHN.grib2
/public4/dataset_yl/forecastpower/nwp_grib/2024111400/W_NAFP_C_ECMF_20241114055715_P_D1D11140000111415001-ACHN.grib2
/public4/dataset_yl/forecastpower/nwp_grib/2024111400/W_NAFP_C_ECMF_20241114062706_P_D1D11140000111812001-ACHN.grib2
/public4/dataset_yl/forecastpower/nwp_grib/2024111400/W_NAFP_C_ECMF_20241114061121_P_D1D11140000111600001-ACHN.grib2
/public4/dataset_yl/forecastpower/nwp_grib/2024111400/W_NAFP_C_ECMF_20241114063856_P_D1D11140000112012001-ACHN.grib2
/public4/dataset_yl/forecastpower/nwp_grib/2024111400/W_NAFP_C_ECMF_20241114060503_P_D1D11140000111521001-ACHN.grib2
/public4/dataset_yl/forecastpower/nwp_grib/2024111400/W_NAFP_C_ECMF_20241114055716_P_D1D11140000111500001-ACHN.grib2
/public4/dataset_yl/forecastpower/nwp_grib/2024111400/W_NAFP_C_ECMF_20241114063857_P_D1D11140000112006001-ACHN.grib2
/public4/dataset_yl/forecastpower/nwp_grib/2024111400/W_NAFP_C_ECMF_20241114062259_P_D1D11140000111718001-ACHN.grib2
/public4/dataset_yl/forecastpower/nwp_grib/2024111400/W_NAFP_C_ECMF_20241114063110_P_D1D11140000111909001-ACHN.grib2
/public4/dataset_yl/forecastpower/nwp_grib/2024111400/W_NAFP_C_ECMF_20241114055715_P_D1D11140000111503001-ACHN.grib2
/public4/dataset_yl/forecastpower/nwp_grib/2024111400/W_NAFP_C_ECMF_20241114055053_P_D1D11140000111403001-ACHN.grib2
/public4/dataset_yl/forecastpower/nwp_grib/2024111400/W_NAFP_C_ECMF_20241114063856_P_D1D11140000112100001-ACHN.grib2
/public4/dataset_yl/forecastpower/nwp_grib/2024111400/W_NAFP_C_ECMF_20241114063658_P_D1D11140000112000001-ACHN.grib2
/public4/dataset_yl/forecastpower/nwp_grib/2024111400/W_NAFP_C_ECMF_20241114063459_P_D1D11140000111912001-ACHN.grib2
/public4/dataset_yl/forecastpower/nwp_grib/2024111400/W_NAFP_C_ECMF_20241114070049_P_D1D11140000112400001-ACHN.grib2
/public4/dataset_yl/forecastpower/nwp_grib/2024111400/W_NAFP_C_ECMF_20241114064249_P_D1D11140000112106001-ACHN.grib2
/public4/dataset_yl/forecastpower/nwp_grib/2024111400/W_NAFP_C_ECMF_20241114064851_P_D1D11140000112206001-ACHN.grib2
/public4/dataset_yl/forecastpower/nwp_grib/2024111400/W_NAFP_C_ECMF_20241114061121_P_D1D11140000111615001-ACHN.grib2
/public4/dataset_yl/forecastpower/nwp_grib/2024111400/W_NAFP_C_ECMF_20241114065252_P_D1D11140000112218001-ACHN.grib2
/public4/dataset_yl/forecastpower/nwp_grib/2024111400/W_NAFP_C_ECMF_20241114061120_P_D1D11140000111612001-ACHN.grib2
/public4/dataset_yl/forecastpower/nwp_grib/2024111400/W_NAFP_C_ECMF_20241114061705_P_D1D11140000111703001-ACHN.grib2
/public4/dataset_yl/forecastpower/nwp_grib/2024111400/W_NAFP_C_ECMF_20241114061310_P_D1D11140000111603001-ACHN.grib2
/public4/dataset_yl/forecastpower/nwp_grib/2024111400/W_NAFP_C_ECMF_20241114061706_P_D1D11140000111715001-ACHN.grib2
/public4/dataset_yl/forecastpower/nwp_grib/2024111400/W_NAFP_C_ECMF_20241114064049_P_D1D11140000112018001-ACHN.grib2
/public4/dataset_yl/forecastpower/nwp_grib/2024111400/W_NAFP_C_ECMF_20241114060251_P_D1D11140000111515001-ACHN.grib2
/public4/dataset_yl/forecastpower/nwp_grib/2024111400/W_NAFP_C_ECMF_20241114065850_P_D1D11140000112312001-ACHN.grib2
/public4/dataset_yl/forecastpower/nwp_grib/2024111400/W_NAFP_C_ECMF_20241114062259_P_D1D11140000111806001-ACHN.grib2
/public4/dataset_yl/forecastpower/nwp_grib/2024111400/W_NAFP_C_ECMF_20241114055715_P_D1D11140000111421001-ACHN.grib2

