python: can't open file '/mnt/public/home/wasp_dpm/yl_dir/software/powerforecast_alg/power_push.py': [Errno 2] No such file or directory

ERROR conda.cli.main_run:execute(125): `conda run python power_push.py` failed. (See above for error)

0it [00:00, ?it/s]
1it [00:00,  9.64it/s]
15it [00:00, 83.14it/s]
30it [00:00, 111.55it/s]
50it [00:00, 143.19it/s]
70it [00:00, 158.20it/s]
89it [00:00, 166.67it/s]
107it [00:00, 170.03it/s]
124it [00:00, 169.82it/s]
141it [00:00, 164.71it/s]
160it [00:01, 170.04it/s]
178it [00:01, 140.85it/s]
195it [00:01, 148.12it/s]
211it [00:01, 109.75it/s]
224it [00:01, 74.58it/s] 
235it [00:02, 49.98it/s]
243it [00:02, 45.51it/s]
263it [00:02, 66.16it/s]
277it [00:02, 77.88it/s]
289it [00:03, 47.69it/s]
309it [00:03, 67.39it/s]
329it [00:03, 88.04it/s]
348it [00:03, 106.48it/s]
364it [00:03, 117.24it/s]
381it [00:03, 128.04it/s]
399it [00:03, 140.04it/s]
420it [00:04, 156.41it/s]
438it [00:04, 161.15it/s]
457it [00:04, 168.57it/s]
475it [00:04, 151.12it/s]
492it [00:04, 152.47it/s]
509it [00:04, 156.47it/s]
526it [00:06, 31.53it/s] 
538it [00:06, 37.58it/s]
559it [00:06, 53.33it/s]
574it [00:06, 63.05it/s]
593it [00:06, 80.49it/s]
612it [00:06, 98.29it/s]
631it [00:06, 115.20it/s]
648it [00:07, 104.86it/s]
663it [00:07, 113.31it/s]
678it [00:07, 97.69it/s] 
691it [00:07, 84.79it/s]
702it [00:07, 86.37it/s]
718it [00:07, 100.29it/s]
731it [00:07, 101.46it/s]
747it [00:08, 114.10it/s]
761it [00:08, 105.98it/s]
773it [00:08, 90.31it/s] 
783it [00:08, 47.56it/s]
793it [00:09, 52.17it/s]
801it [00:09, 31.95it/s]
817it [00:09, 45.90it/s]
833it [00:09, 60.98it/s]
848it [00:09, 75.07it/s]
862it [00:10, 86.86it/s]
883it [00:10, 112.78it/s]
904it [00:10, 134.61it/s]
925it [00:10, 148.44it/s]
943it [00:10, 145.57it/s]
960it [00:10, 150.70it/s]
961it [00:10, 90.66it/s] 

0it [00:00, ?it/s]
10it [00:00, 69.62it/s]
17it [00:00, 60.78it/s]
36it [00:00, 108.49it/s]
55it [00:00, 135.70it/s]
70it [00:00, 138.33it/s]
85it [00:00, 130.65it/s]
104it [00:00, 146.44it/s]
124it [00:00, 160.83it/s]
141it [00:01, 147.52it/s]
160it [00:01, 158.42it/s]
179it [00:01, 166.70it/s]
198it [00:01, 170.96it/s]
216it [00:01, 167.65it/s]
233it [00:01, 166.23it/s]
250it [00:01, 162.21it/s]
267it [00:01, 147.29it/s]
283it [00:02, 102.67it/s]
296it [00:02, 91.18it/s] 
311it [00:02, 102.39it/s]
329it [00:02, 117.92it/s]
346it [00:02, 90.72it/s] 
358it [00:03, 46.43it/s]
369it [00:03, 53.63it/s]
379it [00:03, 56.90it/s]
399it [00:03, 79.15it/s]
412it [00:03, 85.92it/s]
424it [00:04, 85.91it/s]
435it [00:04, 65.51it/s]
454it [00:04, 87.66it/s]
474it [00:04, 109.76it/s]
494it [00:04, 129.03it/s]
513it [00:04, 143.43it/s]
533it [00:04, 156.39it/s]
553it [00:04, 166.93it/s]
572it [00:05, 169.54it/s]
592it [00:05, 176.39it/s]
611it [00:05, 171.78it/s]
629it [00:05, 69.11it/s] 
643it [00:06, 68.13it/s]
662it [00:06, 85.56it/s]
676it [00:06, 86.65it/s]
691it [00:06, 97.77it/s]
704it [00:06, 83.28it/s]
715it [00:06, 82.46it/s]
736it [00:06, 107.56it/s]
757it [00:07, 129.43it/s]
773it [00:07, 136.04it/s]
789it [00:07, 136.30it/s]
808it [00:07, 148.96it/s]
827it [00:07, 158.84it/s]
844it [00:07, 159.59it/s]
862it [00:07, 163.09it/s]
879it [00:07, 159.24it/s]
896it [00:07, 151.15it/s]
912it [00:08, 132.64it/s]
926it [00:08, 126.57it/s]
941it [00:08, 130.44it/s]
955it [00:08, 120.20it/s]
961it [00:09, 102.77it/s]

/public4/dataset_yl/forecastpower/shandongforecast/shandong_power/2024/202411/20241113
模型加载完成
the system time is 2024-11-13 22:43:00.143015
961
参数加载完成
2024-11-13 22:48:05 CST: 1-solar push
模型加载完成
the system time is 2024-11-13 22:43:00.143015
961
参数加载完成
2024-11-13 22:48:29 CST: 2-wind push


0it [00:00, ?it/s]
1it [00:00,  8.71it/s]
20it [00:00, 108.04it/s]
39it [00:00, 143.40it/s]
58it [00:00, 160.96it/s]
77it [00:00, 168.63it/s]
96it [00:00, 175.22it/s]
115it [00:00, 178.72it/s]
134it [00:00, 181.47it/s]
153it [00:00, 183.64it/s]
172it [00:01, 183.99it/s]
191it [00:01, 185.71it/s]
210it [00:01, 186.55it/s]
229it [00:01, 187.33it/s]
248it [00:01, 187.87it/s]
267it [00:01, 186.50it/s]
286it [00:01, 182.58it/s]
305it [00:01, 183.06it/s]
324it [00:01, 184.80it/s]
343it [00:02, 75.52it/s] 
359it [00:02, 87.80it/s]
378it [00:02, 105.40it/s]
397it [00:02, 121.76it/s]
415it [00:02, 133.90it/s]
435it [00:02, 148.05it/s]
454it [00:03, 156.60it/s]
472it [00:03, 157.83it/s]
490it [00:03, 163.51it/s]
510it [00:03, 171.67it/s]
530it [00:03, 177.38it/s]
549it [00:03, 168.31it/s]
569it [00:03, 174.56it/s]
589it [00:03, 180.23it/s]
608it [00:03, 176.93it/s]
628it [00:04, 181.87it/s]
648it [00:04, 186.98it/s]
668it [00:04, 189.10it/s]
688it [00:04, 192.23it/s]
708it [00:04, 194.28it/s]
728it [00:04, 192.50it/s]
748it [00:04, 194.63it/s]
768it [00:04, 189.73it/s]
788it [00:04, 168.34it/s]
808it [00:05, 175.49it/s]
827it [00:05, 177.21it/s]
846it [00:05, 179.44it/s]
867it [00:05, 185.56it/s]
888it [00:05, 190.19it/s]
893it [00:05, 163.93it/s]

0it [00:00, ?it/s]
18it [00:00, 173.08it/s]
36it [00:00, 176.04it/s]
54it [00:00, 177.68it/s]
72it [00:00, 176.62it/s]
90it [00:00, 170.91it/s]
108it [00:00, 166.35it/s]
125it [00:00, 153.96it/s]
143it [00:00, 160.30it/s]
161it [00:00, 165.00it/s]
179it [00:01, 169.02it/s]
197it [00:01, 171.25it/s]
215it [00:01, 173.61it/s]
233it [00:01, 174.40it/s]
251it [00:01, 175.95it/s]
269it [00:01, 176.75it/s]
287it [00:01, 177.30it/s]
305it [00:01, 178.02it/s]
323it [00:01, 177.42it/s]
341it [00:01, 177.46it/s]
360it [00:02, 178.47it/s]
378it [00:02, 177.79it/s]
397it [00:02, 178.86it/s]
415it [00:02, 178.49it/s]
434it [00:02, 179.30it/s]
453it [00:02, 179.85it/s]
471it [00:02, 179.66it/s]
490it [00:02, 180.17it/s]
509it [00:02, 179.27it/s]
527it [00:03, 179.07it/s]
546it [00:03, 179.54it/s]
564it [00:03, 179.31it/s]
583it [00:03, 179.78it/s]
601it [00:03, 178.82it/s]
619it [00:03, 178.81it/s]
637it [00:03, 173.27it/s]
655it [00:03, 171.82it/s]
674it [00:03, 174.38it/s]
692it [00:03, 174.70it/s]
710it [00:04, 176.22it/s]
728it [00:04, 176.24it/s]
746it [00:04, 177.11it/s]
765it [00:04, 177.50it/s]
783it [00:04, 177.40it/s]
802it [00:04, 178.44it/s]
821it [00:04, 178.93it/s]
840it [00:04, 179.62it/s]
858it [00:04, 179.70it/s]
876it [00:04, 177.97it/s]
893it [00:05, 175.88it/s]

/public4/dataset_yl/forecastpower/shandongforecast/shandong_power/2024/202411/20241114
模型加载完成
the system time is 2024-11-14 00:00:03.960947
893
参数加载完成
2024-11-14 00:04:31 CST: 1-solar push
模型加载完成
the system time is 2024-11-14 00:00:03.960947
893
参数加载完成
2024-11-14 00:04:50 CST: 2-wind push


0it [00:00, ?it/s]
1it [00:00,  8.89it/s]
18it [00:00, 97.73it/s]
37it [00:00, 135.80it/s]
56it [00:00, 155.56it/s]
75it [00:00, 166.88it/s]
94it [00:00, 173.05it/s]
113it [00:00, 177.55it/s]
132it [00:00, 179.57it/s]
151it [00:00, 181.65it/s]
170it [00:01, 183.60it/s]
189it [00:01, 184.20it/s]
208it [00:01, 185.19it/s]
227it [00:01, 185.03it/s]
246it [00:01, 185.77it/s]
265it [00:01, 185.76it/s]
284it [00:01, 181.80it/s]
303it [00:01, 183.60it/s]
322it [00:01, 183.95it/s]
341it [00:01, 184.91it/s]
360it [00:02, 184.69it/s]
379it [00:02, 185.01it/s]
398it [00:02, 185.68it/s]
417it [00:02, 148.34it/s]
434it [00:02, 137.55it/s]
454it [00:02, 152.08it/s]
472it [00:02, 158.26it/s]
492it [00:02, 168.70it/s]
512it [00:03, 176.79it/s]
531it [00:03, 180.35it/s]
551it [00:03, 185.38it/s]
571it [00:03, 188.67it/s]
591it [00:03, 182.26it/s]
610it [00:03, 94.78it/s] 
631it [00:03, 114.16it/s]
652it [00:04, 132.47it/s]
672it [00:04, 146.83it/s]
693it [00:04, 161.03it/s]
714it [00:04, 171.27it/s]
735it [00:04, 180.22it/s]
756it [00:04, 186.38it/s]
776it [00:04, 185.31it/s]
797it [00:04, 190.95it/s]
817it [00:04, 190.65it/s]
838it [00:05, 195.20it/s]
859it [00:05, 198.68it/s]
880it [00:05, 200.81it/s]
893it [00:05, 169.48it/s]

0it [00:00, ?it/s]
9it [00:00, 85.60it/s]
28it [00:00, 144.76it/s]
47it [00:00, 163.62it/s]
65it [00:00, 169.88it/s]
84it [00:00, 176.27it/s]
103it [00:00, 178.10it/s]
121it [00:00, 159.95it/s]
138it [00:00, 143.49it/s]
155it [00:01, 148.31it/s]
172it [00:01, 152.83it/s]
189it [00:01, 157.27it/s]
205it [00:01, 157.80it/s]
222it [00:01, 158.96it/s]
239it [00:01, 159.83it/s]
256it [00:01, 145.31it/s]
274it [00:01, 153.15it/s]
292it [00:01, 158.34it/s]
309it [00:01, 158.89it/s]
327it [00:02, 162.92it/s]
345it [00:02, 166.30it/s]
363it [00:02, 167.35it/s]
380it [00:02, 142.18it/s]
395it [00:02, 142.95it/s]
413it [00:02, 151.08it/s]
429it [00:02, 152.29it/s]
447it [00:02, 158.22it/s]
464it [00:02, 157.16it/s]
482it [00:03, 162.18it/s]
499it [00:03, 141.74it/s]
515it [00:03, 145.34it/s]
530it [00:03, 101.23it/s]
543it [00:03, 99.28it/s] 
555it [00:03, 87.77it/s]
574it [00:04, 108.70it/s]
592it [00:04, 124.98it/s]
607it [00:04, 101.97it/s]
626it [00:04, 120.82it/s]
646it [00:04, 137.75it/s]
665it [00:04, 150.00it/s]
684it [00:04, 160.36it/s]
702it [00:04, 154.27it/s]
722it [00:04, 164.97it/s]
742it [00:05, 173.28it/s]
762it [00:05, 179.55it/s]
782it [00:05, 183.47it/s]
802it [00:05, 187.49it/s]
822it [00:05, 190.48it/s]
842it [00:05, 183.26it/s]
862it [00:05, 187.77it/s]
883it [00:05, 192.49it/s]
893it [00:05, 152.26it/s]

/public4/dataset_yl/forecastpower/shandongforecast/shandong_power/2024/202411/20241114
模型加载完成
the system time is 2024-11-14 03:00:08.528965
893
参数加载完成
2024-11-14 03:04:47 CST: 1-solar push
模型加载完成
the system time is 2024-11-14 03:00:08.528965
893
参数加载完成
2024-11-14 03:05:06 CST: 2-wind push


0it [00:00, ?it/s]
1it [00:00,  7.91it/s]
20it [00:00, 102.89it/s]
39it [00:00, 138.96it/s]
57it [00:00, 151.26it/s]
73it [00:00, 153.93it/s]
92it [00:00, 163.97it/s]
111it [00:00, 170.82it/s]
130it [00:00, 174.91it/s]
149it [00:00, 178.09it/s]
168it [00:01, 180.79it/s]
187it [00:01, 181.49it/s]
206it [00:01, 183.17it/s]
225it [00:01, 184.15it/s]
244it [00:01, 184.86it/s]
263it [00:01, 185.32it/s]
282it [00:01, 183.39it/s]
301it [00:01, 184.09it/s]
320it [00:01, 184.43it/s]
339it [00:01, 175.66it/s]
359it [00:02, 180.06it/s]
378it [00:02, 174.31it/s]
396it [00:02, 167.48it/s]
416it [00:02, 174.85it/s]
434it [00:02, 76.84it/s] 
454it [00:03, 94.55it/s]
474it [00:03, 112.27it/s]
491it [00:03, 118.00it/s]
507it [00:03, 120.61it/s]
525it [00:03, 130.78it/s]
544it [00:03, 144.46it/s]
563it [00:03, 154.42it/s]
581it [00:03, 160.89it/s]
600it [00:03, 168.51it/s]
619it [00:04, 174.16it/s]
638it [00:04, 176.84it/s]
657it [00:04, 178.72it/s]
676it [00:04, 174.48it/s]
695it [00:04, 178.22it/s]
714it [00:04, 181.11it/s]
733it [00:04, 181.95it/s]
752it [00:04, 177.89it/s]
771it [00:04, 180.67it/s]
790it [00:05, 183.02it/s]
809it [00:05, 183.49it/s]
828it [00:05, 184.77it/s]
847it [00:05, 184.81it/s]
866it [00:05, 185.52it/s]
885it [00:05, 185.73it/s]
904it [00:05, 186.65it/s]
923it [00:05, 186.78it/s]
941it [00:05, 161.13it/s]

0it [00:00, ?it/s]
6it [00:00, 56.49it/s]
22it [00:00, 113.87it/s]
41it [00:00, 147.27it/s]
60it [00:00, 163.44it/s]
79it [00:00, 172.61it/s]
98it [00:00, 176.63it/s]
117it [00:00, 180.38it/s]
136it [00:00, 182.37it/s]
156it [00:00, 184.77it/s]
175it [00:01, 113.73it/s]
195it [00:01, 130.86it/s]
215it [00:01, 145.84it/s]
235it [00:01, 158.19it/s]
255it [00:01, 167.22it/s]
275it [00:01, 173.62it/s]
295it [00:01, 178.65it/s]
315it [00:01, 182.26it/s]
335it [00:02, 185.66it/s]
354it [00:02, 186.86it/s]
373it [00:02, 187.12it/s]
393it [00:02, 188.66it/s]
413it [00:02, 189.96it/s]
433it [00:02, 186.15it/s]
452it [00:02, 184.96it/s]
471it [00:02, 170.67it/s]
491it [00:02, 176.88it/s]
511it [00:03, 181.94it/s]
530it [00:03, 183.92it/s]
550it [00:03, 186.69it/s]
570it [00:03, 189.20it/s]
590it [00:03, 190.73it/s]
610it [00:03, 191.16it/s]
630it [00:03, 191.47it/s]
650it [00:03, 190.96it/s]
670it [00:03, 191.93it/s]
690it [00:03, 192.65it/s]
710it [00:04, 193.39it/s]
730it [00:04, 192.83it/s]
750it [00:04, 193.43it/s]
770it [00:04, 193.02it/s]
790it [00:04, 193.70it/s]
810it [00:04, 193.75it/s]
830it [00:04, 193.09it/s]
850it [00:04, 191.94it/s]
870it [00:04, 192.98it/s]
890it [00:05, 178.90it/s]
910it [00:05, 183.50it/s]
930it [00:05, 186.12it/s]
941it [00:05, 178.19it/s]

/public4/dataset_yl/forecastpower/shandongforecast/shandong_power/2024/202411/20241114
模型加载完成
the system time is 2024-11-14 06:00:03.689446
941
参数加载完成
2024-11-14 06:05:09 CST: 1-solar push
模型加载完成
the system time is 2024-11-14 06:00:03.689446
941
参数加载完成
2024-11-14 06:05:29 CST: 2-wind push


0it [00:00, ?it/s]
1it [00:00,  7.84it/s]
21it [00:00, 107.32it/s]
42it [00:00, 149.44it/s]
63it [00:00, 170.91it/s]
84it [00:00, 181.97it/s]
105it [00:00, 189.99it/s]
126it [00:00, 195.02it/s]
147it [00:00, 197.71it/s]
168it [00:00, 200.11it/s]
189it [00:01, 200.66it/s]
210it [00:01, 200.93it/s]
231it [00:01, 202.19it/s]
252it [00:01, 203.61it/s]
273it [00:01, 204.57it/s]
294it [00:01, 203.79it/s]
315it [00:01, 204.38it/s]
336it [00:01, 204.74it/s]
357it [00:01, 200.06it/s]
378it [00:01, 202.01it/s]
399it [00:02, 183.34it/s]
418it [00:02, 121.90it/s]
434it [00:02, 84.50it/s] 
446it [00:02, 82.12it/s]
466it [00:03, 101.84it/s]
486it [00:03, 121.00it/s]
505it [00:03, 135.33it/s]
526it [00:03, 151.67it/s]
547it [00:03, 165.59it/s]
568it [00:03, 165.45it/s]
589it [00:03, 174.59it/s]
608it [00:03, 156.69it/s]
625it [00:04, 135.03it/s]
642it [00:04, 90.17it/s] 
654it [00:04, 75.12it/s]
673it [00:04, 93.83it/s]
693it [00:04, 113.19it/s]
708it [00:04, 109.67it/s]
727it [00:05, 126.67it/s]
746it [00:05, 140.69it/s]
762it [00:05, 92.38it/s] 
781it [00:05, 109.88it/s]
801it [00:05, 128.18it/s]
821it [00:05, 144.38it/s]
842it [00:05, 158.99it/s]
863it [00:06, 170.43it/s]
882it [00:06, 173.65it/s]
903it [00:06, 183.35it/s]
923it [00:06, 151.75it/s]
941it [00:06, 145.04it/s]

0it [00:00, ?it/s]
18it [00:00, 173.75it/s]
36it [00:00, 175.88it/s]
56it [00:00, 183.52it/s]
76it [00:00, 186.79it/s]
96it [00:00, 187.51it/s]
116it [00:00, 189.18it/s]
135it [00:00, 188.72it/s]
155it [00:00, 189.69it/s]
175it [00:00, 190.96it/s]
195it [00:01, 190.71it/s]
215it [00:01, 190.31it/s]
235it [00:01, 191.30it/s]
255it [00:01, 192.00it/s]
275it [00:01, 192.40it/s]
295it [00:01, 191.27it/s]
315it [00:01, 190.38it/s]
335it [00:01, 190.33it/s]
355it [00:01, 191.30it/s]
375it [00:01, 191.90it/s]
395it [00:02, 191.29it/s]
415it [00:02, 191.74it/s]
435it [00:02, 192.58it/s]
455it [00:02, 192.92it/s]
475it [00:02, 193.54it/s]
495it [00:02, 192.42it/s]
515it [00:02, 191.99it/s]
535it [00:02, 182.73it/s]
555it [00:02, 186.17it/s]
575it [00:03, 188.04it/s]
594it [00:03, 188.36it/s]
614it [00:03, 189.47it/s]
634it [00:03, 190.39it/s]
654it [00:03, 190.91it/s]
674it [00:03, 191.64it/s]
694it [00:03, 191.20it/s]
714it [00:03, 183.93it/s]
733it [00:03, 177.78it/s]
751it [00:04, 171.53it/s]
771it [00:04, 176.92it/s]
791it [00:04, 182.00it/s]
811it [00:04, 185.80it/s]
831it [00:04, 188.11it/s]
851it [00:04, 189.94it/s]
871it [00:04, 187.05it/s]
890it [00:04, 187.85it/s]
910it [00:04, 189.57it/s]
930it [00:04, 191.15it/s]
941it [00:04, 188.47it/s]

/public4/dataset_yl/forecastpower/shandongforecast/shandong_power/2024/202411/20241114
模型加载完成
the system time is 2024-11-14 07:00:04.038414
941
参数加载完成
2024-11-14 07:05:04 CST: 1-solar push
模型加载完成
the system time is 2024-11-14 07:00:04.038414
941
参数加载完成
2024-11-14 07:05:24 CST: 2-wind push


0it [00:00, ?it/s]
1it [00:00,  8.82it/s]
9it [00:00, 48.12it/s]
28it [00:00, 110.08it/s]
45it [00:00, 132.51it/s]
63it [00:00, 148.60it/s]
79it [00:00, 142.26it/s]
99it [00:00, 158.99it/s]
117it [00:00, 164.69it/s]
134it [00:00, 162.80it/s]
154it [00:01, 172.27it/s]
174it [00:01, 179.00it/s]
194it [00:01, 182.57it/s]
214it [00:01, 187.11it/s]
233it [00:01, 187.69it/s]
253it [00:01, 190.72it/s]
273it [00:01, 192.02it/s]
293it [00:01, 193.63it/s]
313it [00:01, 194.86it/s]
333it [00:01, 193.59it/s]
353it [00:02, 191.16it/s]
373it [00:02, 192.94it/s]
393it [00:02, 193.58it/s]
413it [00:02, 194.77it/s]
433it [00:02, 193.85it/s]
453it [00:02, 194.76it/s]
473it [00:02, 194.55it/s]
493it [00:02, 189.56it/s]
513it [00:02, 191.79it/s]
533it [00:03, 185.24it/s]
553it [00:03, 186.90it/s]
572it [00:03, 175.48it/s]
592it [00:03, 180.78it/s]
612it [00:03, 185.20it/s]
633it [00:03, 190.16it/s]
653it [00:03, 188.94it/s]
672it [00:04, 87.40it/s] 
693it [00:04, 106.51it/s]
713it [00:04, 122.72it/s]
733it [00:04, 138.47it/s]
754it [00:04, 154.02it/s]
775it [00:04, 166.95it/s]
796it [00:04, 176.46it/s]
817it [00:04, 184.26it/s]
837it [00:04, 188.12it/s]
858it [00:05, 192.16it/s]
879it [00:05, 196.13it/s]
900it [00:05, 198.38it/s]
921it [00:05, 200.56it/s]
941it [00:05, 170.84it/s]

0it [00:00, ?it/s]
15it [00:00, 145.82it/s]
33it [00:00, 165.18it/s]
50it [00:00, 143.91it/s]
68it [00:00, 154.46it/s]
87it [00:00, 164.89it/s]
106it [00:00, 171.76it/s]
125it [00:00, 176.84it/s]
145it [00:00, 181.14it/s]
165it [00:00, 183.98it/s]
185it [00:01, 186.00it/s]
204it [00:01, 186.50it/s]
224it [00:01, 187.91it/s]
243it [00:01, 187.42it/s]
263it [00:01, 188.61it/s]
283it [00:01, 189.41it/s]
302it [00:01, 188.70it/s]
321it [00:01, 188.28it/s]
341it [00:01, 188.99it/s]
360it [00:02, 157.03it/s]
377it [00:02, 155.96it/s]
395it [00:02, 161.07it/s]
413it [00:02, 164.94it/s]
432it [00:02, 160.42it/s]
449it [00:02, 155.58it/s]
465it [00:02, 142.39it/s]
480it [00:02, 140.78it/s]
495it [00:02, 137.79it/s]
510it [00:03, 139.34it/s]
525it [00:03, 133.01it/s]
539it [00:03, 134.43it/s]
553it [00:03, 86.86it/s] 
564it [00:03, 62.31it/s]
582it [00:04, 81.32it/s]
596it [00:04, 91.63it/s]
611it [00:04, 102.91it/s]
627it [00:04, 115.10it/s]
645it [00:04, 130.32it/s]
660it [00:04, 125.90it/s]
675it [00:04, 130.45it/s]
689it [00:05, 76.66it/s] 
709it [00:05, 98.10it/s]
723it [00:05, 106.43it/s]
740it [00:05, 119.35it/s]
755it [00:05, 117.48it/s]
769it [00:05, 106.18it/s]
781it [00:05, 104.87it/s]
793it [00:05, 93.88it/s] 
804it [00:06, 87.09it/s]
820it [00:06, 103.28it/s]
838it [00:06, 120.85it/s]
854it [00:06, 129.91it/s]
868it [00:06, 121.80it/s]
882it [00:06, 126.20it/s]
896it [00:06, 92.08it/s] 
907it [00:07, 88.46it/s]
923it [00:07, 103.11it/s]
935it [00:07, 100.61it/s]
941it [00:07, 128.51it/s]

/public4/dataset_yl/forecastpower/shandongforecast/shandong_power/2024/202411/20241114
模型加载完成
the system time is 2024-11-14 09:00:04.180493
941
参数加载完成
2024-11-14 09:05:10 CST: 1-solar push
模型加载完成
the system time is 2024-11-14 09:00:04.180493
941
参数加载完成
2024-11-14 09:05:32 CST: 2-wind push


CondaError: KeyboardInterrupt


0it [00:00, ?it/s]
1it [00:00,  1.16it/s]
2it [00:01,  1.45it/s]
3it [00:01,  2.35it/s]
5it [00:01,  4.35it/s]
6it [00:02,  2.89it/s]
7it [00:02,  2.84it/s]
9it [00:02,  4.34it/s]
11it [00:03,  5.85it/s]
13it [00:03,  7.22it/s]
14it [00:03,  6.78it/s]
15it [00:04,  3.18it/s]
16it [00:04,  2.90it/s]
18it [00:04,  4.23it/s]
20it [00:05,  5.63it/s]
22it [00:05,  4.50it/s]
23it [00:06,  2.76it/s]
24it [00:07,  2.08it/s]
25it [00:08,  1.72it/s]
26it [00:08,  1.81it/s]
28it [00:09,  2.42it/s]
29it [00:09,  2.16it/s]
31it [00:10,  3.00it/s]
32it [00:10,  3.11it/s]
34it [00:10,  3.80it/s]
36it [00:10,  5.06it/s]
38it [00:11,  6.33it/s]
40it [00:11,  4.83it/s]
41it [00:12,  4.03it/s]
42it [00:12,  3.48it/s]
44it [00:12,  4.77it/s]
46it [00:13,  4.82it/s]
47it [00:13,  5.29it/s]
48it [00:13,  3.40it/s]
57it [00:14, 11.79it/s]
60it [00:14, 12.36it/s]
63it [00:14,  8.68it/s]
65it [00:16,  3.68it/s]
67it [00:18,  2.44it/s]
68it [00:19,  2.13it/s]
69it [00:20,  1.86it/s]
70it [00:21,  1.63it/s]
71it [00:21,  1.48it/s]
72it [00:22,  1.77it/s]
77it [00:22,  4.45it/s]
79it [00:22,  4.52it/s]
81it [00:22,  4.99it/s]
83it [00:23,  5.66it/s]
85it [00:23,  5.35it/s]
86it [00:23,  5.24it/s]
88it [00:24,  5.82it/s]
90it [00:24,  5.94it/s]
91it [00:24,  4.76it/s]
92it [00:25,  3.29it/s]
93it [00:25,  3.23it/s]
95it [00:25,  4.58it/s]
97it [00:26,  5.94it/s]
99it [00:26,  7.24it/s]
100it [00:26,  4.51it/s]
101it [00:27,  2.72it/s]
102it [00:28,  2.33it/s]
103it [00:28,  2.71it/s]
104it [00:28,  3.01it/s]
105it [00:29,  2.62it/s]
106it [00:29,  2.65it/s]
108it [00:29,  4.04it/s]
110it [00:30,  4.84it/s]
111it [00:30,  4.45it/s]
112it [00:31,  2.83it/s]
113it [00:31,  3.38it/s]
114it [00:31,  3.09it/s]
116it [00:31,  4.58it/s]
118it [00:32,  5.93it/s]
119it [00:32,  6.05it/s]
121it [00:32,  7.51it/s]
123it [00:32,  8.73it/s]
125it [00:33,  4.42it/s]
126it [00:33,  4.08it/s]
128it [00:33,  5.16it/s]
129it [00:34,  3.09it/s]
130it [00:35,  2.80it/s]
132it [00:35,  3.26it/s]
134it [00:35,  4.37it/s]
135it [00:35,  4.93it/s]
137it [00:36,  6.31it/s]
139it [00:36,  7.61it/s]
141it [00:36,  8.69it/s]
143it [00:37,  4.91it/s]
144it [00:37,  3.28it/s]
145it [00:38,  3.62it/s]
146it [00:38,  2.48it/s]
147it [00:39,  2.73it/s]
149it [00:39,  4.03it/s]
150it [00:39,  3.85it/s]
151it [00:40,  2.41it/s]
152it [00:40,  2.67it/s]
154it [00:41,  4.02it/s]
156it [00:41,  5.40it/s]
157it [00:41,  5.97it/s]
158it [00:42,  3.14it/s]
159it [00:42,  3.61it/s]
161it [00:42,  5.08it/s]
162it [00:42,  4.60it/s]
163it [00:43,  3.24it/s]
164it [00:43,  2.90it/s]
165it [00:43,  3.39it/s]
167it [00:44,  2.56it/s]
168it [00:45,  2.64it/s]
169it [00:45,  2.95it/s]
170it [00:45,  3.24it/s]
171it [00:46,  2.29it/s]
172it [00:47,  1.83it/s]
173it [00:48,  1.71it/s]
175it [00:48,  2.14it/s]
176it [00:49,  2.07it/s]
178it [00:49,  3.15it/s]
180it [00:49,  4.33it/s]
182it [00:50,  3.84it/s]
183it [00:50,  2.90it/s]
184it [00:51,  2.56it/s]
185it [00:52,  1.98it/s]
186it [00:53,  1.71it/s]
187it [00:53,  1.80it/s]
188it [00:53,  2.23it/s]
190it [00:54,  2.28it/s]
191it [00:55,  2.10it/s]
192it [00:55,  2.11it/s]
194it [00:55,  3.12it/s]
196it [00:56,  4.23it/s]
198it [00:56,  5.33it/s]
199it [00:56,  5.47it/s]
200it [00:56,  5.61it/s]
202it [00:56,  6.98it/s]
203it [00:57,  4.63it/s]
204it [00:58,  2.61it/s]
205it [00:58,  2.49it/s]
207it [00:58,  3.75it/s]
209it [00:58,  5.07it/s]
211it [00:59,  6.40it/s]
213it [00:59,  7.46it/s]
215it [01:00,  3.48it/s]
216it [01:00,  3.28it/s]
217it [01:01,  3.59it/s]
218it [01:01,  2.81it/s]
219it [01:02,  2.50it/s]
220it [01:02,  2.46it/s]
222it [01:02,  3.75it/s]
224it [01:02,  5.12it/s]
226it [01:03,  6.33it/s]
228it [01:03,  7.42it/s]
230it [01:03,  8.54it/s]
232it [01:03,  9.49it/s]
234it [01:04,  5.16it/s]
235it [01:04,  4.22it/s]
236it [01:05,  3.17it/s]
238it [01:05,  4.35it/s]
240it [01:05,  5.58it/s]
242it [01:06,  5.36it/s]
243it [01:06,  3.76it/s]
245it [01:07,  4.23it/s]
247it [01:07,  5.38it/s]
248it [01:07,  5.73it/s]
249it [01:08,  3.64it/s]
251it [01:08,  4.90it/s]
252it [01:08,  3.88it/s]
254it [01:08,  5.21it/s]
256it [01:09,  4.65it/s]
257it [01:10,  2.81it/s]
258it [01:10,  2.66it/s]
260it [01:10,  3.85it/s]
262it [01:11,  5.15it/s]
263it [01:11,  4.74it/s]
265it [01:11,  5.86it/s]
267it [01:11,  6.22it/s]
268it [01:12,  3.69it/s]
269it [01:12,  3.72it/s]
270it [01:13,  2.77it/s]
271it [01:13,  3.22it/s]
273it [01:13,  4.62it/s]
275it [01:14,  4.92it/s]
276it [01:14,  4.97it/s]
277it [01:15,  3.10it/s]
278it [01:15,  2.11it/s]
279it [01:16,  1.95it/s]
281it [01:16,  3.05it/s]
283it [01:17,  3.38it/s]
284it [01:17,  2.57it/s]
286it [01:18,  3.66it/s]
288it [01:18,  4.88it/s]
289it [01:18,  3.87it/s]
290it [01:19,  2.78it/s]
291it [01:19,  3.04it/s]
293it [01:19,  4.40it/s]
295it [01:20,  5.76it/s]
296it [01:20,  4.24it/s]
307it [01:20, 15.96it/s]
314it [01:20, 20.80it/s]
318it [01:21, 10.48it/s]
321it [01:23,  5.08it/s]
323it [01:24,  4.69it/s]
325it [01:24,  5.32it/s]
327it [01:24,  6.07it/s]
329it [01:24,  6.94it/s]
331it [01:26,  3.28it/s]
332it [01:27,  2.52it/s]
333it [01:27,  2.10it/s]
334it [01:28,  1.78it/s]
335it [01:29,  1.62it/s]
337it [01:29,  2.46it/s]
338it [01:29,  2.94it/s]
339it [01:30,  2.66it/s]
340it [01:31,  1.96it/s]
341it [01:31,  2.18it/s]
342it [01:32,  1.87it/s]
343it [01:32,  2.09it/s]
344it [01:32,  2.69it/s]
346it [01:32,  4.18it/s]
348it [01:33,  5.26it/s]
350it [01:33,  6.56it/s]
351it [01:33,  5.63it/s]
353it [01:33,  7.00it/s]
354it [01:33,  6.73it/s]
355it [01:34,  3.68it/s]
357it [01:34,  5.14it/s]
358it [01:34,  5.69it/s]
360it [01:35,  6.99it/s]
361it [01:35,  4.74it/s]
362it [01:36,  3.27it/s]
364it [01:36,  3.06it/s]
365it [01:37,  2.37it/s]
366it [01:38,  1.95it/s]
368it [01:38,  2.97it/s]
370it [01:38,  4.14it/s]
372it [01:38,  5.40it/s]
374it [01:39,  5.68it/s]
376it [01:39,  6.88it/s]
377it [01:39,  6.79it/s]
378it [01:39,  5.09it/s]
379it [01:40,  4.65it/s]
380it [01:40,  2.81it/s]
382it [01:41,  2.90it/s]
383it [01:41,  3.10it/s]
385it [01:41,  4.40it/s]
387it [01:42,  5.67it/s]
389it [01:42,  6.27it/s]
390it [01:42,  6.56it/s]
392it [01:42,  5.99it/s]
393it [01:43,  3.54it/s]
394it [01:44,  2.50it/s]
395it [01:45,  1.92it/s]
396it [01:46,  1.69it/s]
397it [01:46,  1.67it/s]
398it [01:47,  1.49it/s]
399it [01:47,  1.75it/s]
403it [01:48,  3.08it/s]
406it [01:49,  2.68it/s]
407it [01:51,  1.97it/s]
408it [01:52,  1.61it/s]
409it [01:53,  1.32it/s]
410it [01:54,  1.10it/s]
411it [01:56,  1.00it/s]
412it [01:57,  1.06s/it]
413it [01:58,  1.09s/it]
414it [01:59,  1.14s/it]
415it [02:01,  1.18s/it]
416it [02:02,  1.19s/it]
417it [02:03,  1.19s/it]
418it [02:05,  1.25s/it]
419it [02:06,  1.25s/it]
420it [02:07,  1.25s/it]
421it [02:08,  1.23s/it]
422it [02:09,  1.21s/it]
423it [02:11,  1.22s/it]
424it [02:12,  1.21s/it]
425it [02:13,  1.19s/it]
426it [02:14,  1.23s/it]
427it [02:15,  1.21s/it]
428it [02:17,  1.22s/it]
429it [02:18,  1.24s/it]
430it [02:19,  1.24s/it]
431it [02:20,  1.22s/it]
432it [02:22,  1.24s/it]
433it [02:23,  1.26s/it]
434it [02:24,  1.29s/it]
435it [02:25,  1.24s/it]
436it [02:27,  1.24s/it]
437it [02:28,  1.21s/it]
438it [02:29,  1.23s/it]
439it [02:30,  1.20s/it]
440it [02:31,  1.20s/it]
441it [02:33,  1.22s/it]
442it [02:34,  1.25s/it]
443it [02:35,  1.24s/it]
444it [02:37,  1.25s/it]
445it [02:38,  1.26s/it]
446it [02:39,  1.25s/it]
447it [02:40,  1.28s/it]
448it [02:41,  1.23s/it]
449it [02:43,  1.19s/it]
450it [02:44,  1.26s/it]
451it [02:45,  1.28s/it]
452it [02:47,  1.27s/it]
453it [02:48,  1.26s/it]
454it [02:49,  1.28s/it]
455it [02:50,  1.26s/it]
456it [02:52,  1.23s/it]
457it [02:53,  1.28s/it]
458it [02:54,  1.25s/it]
459it [02:55,  1.26s/it]
460it [02:57,  1.27s/it]
461it [02:58,  1.31s/it]
462it [02:59,  1.28s/it]
463it [03:00,  1.26s/it]
464it [03:02,  1.24s/it]
465it [03:03,  1.25s/it]
466it [03:04,  1.23s/it]
467it [03:06,  1.30s/it]
468it [03:07,  1.26s/it]
469it [03:08,  1.27s/it]
470it [03:09,  1.26s/it]
471it [03:11,  1.31s/it]
472it [03:12,  1.29s/it]
473it [03:13,  1.29s/it]
474it [03:15,  1.28s/it]
475it [03:16,  1.29s/it]
476it [03:17,  1.30s/it]
477it [03:18,  1.31s/it]
478it [03:20,  1.28s/it]
479it [03:21,  1.27s/it]
480it [03:22,  1.29s/it]
480it [03:22,  2.37it/s]

0it [00:00, ?it/s]
1it [00:01,  1.39s/it]
2it [00:02,  1.38s/it]
3it [00:04,  1.35s/it]
4it [00:05,  1.29s/it]
5it [00:06,  1.25s/it]
6it [00:07,  1.26s/it]
7it [00:09,  1.31s/it]
8it [00:10,  1.30s/it]
9it [00:11,  1.29s/it]
10it [00:13,  1.33s/it]
11it [00:14,  1.33s/it]
12it [00:15,  1.33s/it]
13it [00:17,  1.33s/it]
14it [00:18,  1.32s/it]
15it [00:19,  1.33s/it]
16it [00:21,  1.32s/it]
17it [00:22,  1.34s/it]
18it [00:23,  1.33s/it]
19it [00:25,  1.32s/it]
20it [00:26,  1.30s/it]
21it [00:27,  1.30s/it]
22it [00:28,  1.28s/it]
23it [00:30,  1.31s/it]
24it [00:31,  1.31s/it]
25it [00:32,  1.35s/it]
26it [00:34,  1.40s/it]
27it [00:35,  1.38s/it]
28it [00:37,  1.36s/it]
29it [00:38,  1.39s/it]
30it [00:40,  1.41s/it]
31it [00:41,  1.36s/it]
32it [00:42,  1.41s/it]
33it [00:44,  1.40s/it]
34it [00:45,  1.40s/it]
35it [00:46,  1.33s/it]
36it [00:47,  1.31s/it]
37it [00:49,  1.35s/it]
38it [00:50,  1.37s/it]
39it [00:52,  1.37s/it]
40it [00:53,  1.36s/it]
41it [00:54,  1.36s/it]
42it [00:56,  1.32s/it]
43it [00:57,  1.32s/it]
44it [00:58,  1.34s/it]
45it [01:00,  1.34s/it]
46it [01:01,  1.33s/it]
47it [01:02,  1.30s/it]
48it [01:04,  1.30s/it]
49it [01:05,  1.32s/it]
50it [01:06,  1.31s/it]
51it [01:07,  1.30s/it]
52it [01:09,  1.31s/it]
53it [01:10,  1.30s/it]
54it [01:12,  1.35s/it]
55it [01:13,  1.36s/it]
56it [01:14,  1.35s/it]
57it [01:16,  1.36s/it]
58it [01:17,  1.33s/it]
59it [01:18,  1.29s/it]
60it [01:19,  1.30s/it]
61it [01:21,  1.30s/it]
62it [01:22,  1.29s/it]
63it [01:23,  1.30s/it]
64it [01:25,  1.30s/it]
65it [01:26,  1.32s/it]
66it [01:27,  1.34s/it]
67it [01:29,  1.36s/it]
68it [01:30,  1.32s/it]
69it [01:31,  1.33s/it]
70it [01:33,  1.31s/it]
71it [01:34,  1.32s/it]
72it [01:35,  1.33s/it]
73it [01:37,  1.39s/it]
74it [01:38,  1.37s/it]
75it [01:40,  1.39s/it]
76it [01:41,  1.40s/it]
77it [01:42,  1.39s/it]
78it [01:44,  1.36s/it]
79it [01:45,  1.33s/it]
80it [01:46,  1.31s/it]
81it [01:48,  1.34s/it]
82it [01:49,  1.36s/it]
83it [01:50,  1.37s/it]
84it [01:52,  1.36s/it]
85it [01:53,  1.34s/it]
86it [01:54,  1.30s/it]
87it [01:56,  1.35s/it]
88it [01:57,  1.34s/it]
89it [01:58,  1.34s/it]
90it [02:00,  1.32s/it]
91it [02:01,  1.35s/it]
92it [02:02,  1.35s/it]
93it [02:04,  1.38s/it]
94it [02:05,  1.33s/it]
95it [02:06,  1.31s/it]
96it [02:08,  1.32s/it]
97it [02:09,  1.30s/it]
98it [02:10,  1.31s/it]
99it [02:12,  1.33s/it]
100it [02:13,  1.31s/it]
101it [02:14,  1.32s/it]
102it [02:16,  1.31s/it]
103it [02:17,  1.31s/it]
104it [02:18,  1.30s/it]
105it [02:19,  1.29s/it]
106it [02:21,  1.30s/it]
107it [02:22,  1.34s/it]
108it [02:23,  1.34s/it]
109it [02:25,  1.35s/it]
110it [02:26,  1.34s/it]
111it [02:27,  1.29s/it]
112it [02:29,  1.33s/it]
113it [02:30,  1.32s/it]
114it [02:31,  1.33s/it]
115it [02:33,  1.34s/it]
116it [02:34,  1.33s/it]
117it [02:35,  1.31s/it]
118it [02:37,  1.38s/it]
119it [02:38,  1.34s/it]
120it [02:40,  1.35s/it]
121it [02:41,  1.39s/it]
122it [02:43,  1.43s/it]
123it [02:44,  1.36s/it]
124it [02:45,  1.33s/it]
125it [02:46,  1.31s/it]
126it [02:48,  1.30s/it]
127it [02:49,  1.32s/it]
128it [02:50,  1.30s/it]
129it [02:51,  1.32s/it]
130it [02:53,  1.32s/it]
131it [02:54,  1.38s/it]
132it [02:56,  1.41s/it]
133it [02:57,  1.39s/it]
134it [02:58,  1.35s/it]
135it [03:00,  1.33s/it]
136it [03:01,  1.34s/it]
137it [03:02,  1.34s/it]
138it [03:04,  1.36s/it]
139it [03:05,  1.36s/it]
140it [03:06,  1.34s/it]
141it [03:08,  1.37s/it]
142it [03:09,  1.35s/it]
143it [03:11,  1.33s/it]
144it [03:12,  1.31s/it]
145it [03:13,  1.29s/it]
146it [03:14,  1.30s/it]
147it [03:16,  1.29s/it]
148it [03:17,  1.31s/it]
149it [03:18,  1.27s/it]
150it [03:19,  1.26s/it]
151it [03:21,  1.29s/it]
152it [03:23,  1.45s/it]
153it [03:24,  1.52s/it]
154it [03:26,  1.57s/it]
155it [03:28,  1.59s/it]
156it [03:29,  1.61s/it]
157it [03:31,  1.63s/it]
158it [03:33,  1.63s/it]
159it [03:34,  1.64s/it]
160it [03:36,  1.65s/it]
161it [03:38,  1.67s/it]
162it [03:39,  1.69s/it]
163it [03:41,  1.69s/it]
164it [03:43,  1.68s/it]
165it [03:44,  1.69s/it]
166it [03:46,  1.70s/it]
167it [03:48,  1.72s/it]
168it [03:49,  1.68s/it]
169it [03:51,  1.68s/it]
170it [03:53,  1.67s/it]
171it [03:54,  1.68s/it]
172it [03:56,  1.68s/it]
173it [03:58,  1.66s/it]
174it [03:59,  1.66s/it]
175it [04:01,  1.66s/it]
176it [04:03,  1.67s/it]
177it [04:05,  1.70s/it]
178it [04:06,  1.70s/it]
179it [04:08,  1.72s/it]
180it [04:10,  1.73s/it]
181it [04:12,  1.73s/it]
182it [04:13,  1.73s/it]
183it [04:15,  1.75s/it]
184it [04:17,  1.75s/it]
185it [04:19,  1.77s/it]
186it [04:20,  1.75s/it]
187it [04:22,  1.75s/it]
188it [04:24,  1.74s/it]
189it [04:25,  1.73s/it]
190it [04:27,  1.71s/it]
191it [04:29,  1.69s/it]
192it [04:30,  1.67s/it]
193it [04:32,  1.65s/it]
194it [04:34,  1.63s/it]
195it [04:35,  1.61s/it]
196it [04:37,  1.62s/it]
197it [04:38,  1.64s/it]
198it [04:40,  1.63s/it]
199it [04:42,  1.63s/it]
200it [04:43,  1.63s/it]
201it [04:45,  1.63s/it]
202it [04:47,  1.63s/it]
203it [04:48,  1.63s/it]
204it [04:50,  1.62s/it]
205it [04:51,  1.64s/it]
206it [04:53,  1.65s/it]
207it [04:55,  1.65s/it]
208it [04:56,  1.65s/it]
209it [04:58,  1.64s/it]
210it [05:00,  1.64s/it]
211it [05:01,  1.63s/it]
212it [05:03,  1.63s/it]
213it [05:05,  1.65s/it]
214it [05:06,  1.65s/it]
215it [05:08,  1.66s/it]
216it [05:10,  1.69s/it]
217it [05:11,  1.68s/it]
218it [05:13,  1.67s/it]
219it [05:15,  1.68s/it]
220it [05:16,  1.68s/it]
221it [05:18,  1.68s/it]
222it [05:20,  1.69s/it]
223it [05:22,  1.69s/it]
224it [05:23,  1.67s/it]
225it [05:25,  1.66s/it]
226it [05:26,  1.66s/it]
227it [05:28,  1.65s/it]
228it [05:30,  1.66s/it]
229it [05:31,  1.66s/it]
230it [05:33,  1.64s/it]
231it [05:35,  1.65s/it]
232it [05:36,  1.65s/it]
233it [05:38,  1.64s/it]
234it [05:40,  1.65s/it]
235it [05:41,  1.64s/it]
236it [05:43,  1.66s/it]
237it [05:45,  1.69s/it]
238it [05:46,  1.70s/it]
239it [05:48,  1.71s/it]
240it [05:50,  1.74s/it]
241it [05:52,  1.74s/it]
242it [05:53,  1.73s/it]
243it [05:55,  1.72s/it]
244it [05:57,  1.72s/it]
245it [05:59,  1.73s/it]
246it [06:00,  1.75s/it]
247it [06:02,  1.76s/it]
248it [06:04,  1.76s/it]
249it [06:06,  1.79s/it]
250it [06:08,  1.81s/it]
251it [06:09,  1.79s/it]
252it [06:11,  1.79s/it]
253it [06:13,  1.80s/it]
254it [06:15,  1.78s/it]
255it [06:16,  1.77s/it]
256it [06:18,  1.77s/it]
257it [06:20,  1.77s/it]
258it [06:22,  1.75s/it]
259it [06:23,  1.75s/it]
260it [06:25,  1.74s/it]
261it [06:27,  1.74s/it]
262it [06:29,  1.72s/it]
263it [06:30,  1.74s/it]
264it [06:32,  1.74s/it]
265it [06:34,  1.74s/it]
266it [06:36,  1.76s/it]
267it [06:37,  1.75s/it]
268it [06:39,  1.74s/it]
269it [06:41,  1.72s/it]
270it [06:42,  1.71s/it]
271it [06:44,  1.77s/it]
272it [06:46,  1.79s/it]
273it [06:48,  1.79s/it]
274it [06:50,  1.80s/it]
275it [06:52,  1.78s/it]
276it [06:53,  1.79s/it]
277it [06:55,  1.78s/it]
278it [06:57,  1.78s/it]
279it [06:59,  1.78s/it]
280it [07:00,  1.77s/it]
281it [07:02,  1.78s/it]
282it [07:04,  1.77s/it]
283it [07:06,  1.77s/it]
284it [07:08,  1.78s/it]
285it [07:09,  1.78s/it]
286it [07:11,  1.75s/it]
287it [07:13,  1.74s/it]
288it [07:14,  1.74s/it]
289it [07:16,  1.74s/it]
290it [07:18,  1.74s/it]
291it [07:20,  1.74s/it]
292it [07:22,  1.76s/it]
293it [07:23,  1.76s/it]
294it [07:25,  1.72s/it]
295it [07:27,  1.70s/it]
296it [07:28,  1.68s/it]
297it [07:30,  1.67s/it]
298it [07:32,  1.68s/it]
299it [07:33,  1.69s/it]
300it [07:35,  1.67s/it]
301it [07:36,  1.65s/it]
302it [07:38,  1.65s/it]
303it [07:40,  1.64s/it]
304it [07:41,  1.62s/it]
305it [07:43,  1.62s/it]
306it [07:45,  1.64s/it]
307it [07:46,  1.65s/it]
308it [07:48,  1.65s/it]
309it [07:50,  1.66s/it]
310it [07:51,  1.67s/it]
311it [07:53,  1.66s/it]
312it [07:55,  1.65s/it]
313it [07:56,  1.65s/it]
314it [07:58,  1.66s/it]
315it [08:00,  1.66s/it]
316it [08:01,  1.69s/it]
317it [08:03,  1.69s/it]
318it [08:05,  1.69s/it]
319it [08:06,  1.69s/it]
320it [08:08,  1.71s/it]
321it [08:10,  1.71s/it]
322it [08:12,  1.70s/it]
323it [08:13,  1.71s/it]
324it [08:15,  1.71s/it]
325it [08:17,  1.70s/it]
326it [08:18,  1.69s/it]
327it [08:20,  1.68s/it]
328it [08:22,  1.69s/it]
329it [08:23,  1.68s/it]
330it [08:25,  1.68s/it]
331it [08:27,  1.68s/it]
332it [08:28,  1.67s/it]
333it [08:30,  1.68s/it]
334it [08:32,  1.67s/it]
335it [08:33,  1.69s/it]
336it [08:35,  1.66s/it]
337it [08:37,  1.67s/it]
338it [08:38,  1.65s/it]
339it [08:40,  1.65s/it]
340it [08:42,  1.64s/it]
341it [08:43,  1.66s/it]
342it [08:45,  1.66s/it]
343it [08:47,  1.66s/it]
344it [08:48,  1.65s/it]
345it [08:50,  1.67s/it]
346it [08:52,  1.66s/it]
347it [08:53,  1.64s/it]
348it [08:55,  1.64s/it]
349it [08:57,  1.63s/it]
350it [08:58,  1.64s/it]
351it [09:00,  1.65s/it]
352it [09:01,  1.65s/it]
353it [09:03,  1.66s/it]
354it [09:05,  1.67s/it]
355it [09:07,  1.67s/it]
356it [09:08,  1.70s/it]
357it [09:10,  1.69s/it]
358it [09:12,  1.68s/it]
359it [09:13,  1.69s/it]
360it [09:15,  1.68s/it]
361it [09:17,  1.68s/it]
362it [09:18,  1.67s/it]
363it [09:20,  1.67s/it]
364it [09:22,  1.72s/it]
365it [09:23,  1.71s/it]
366it [09:25,  1.70s/it]
367it [09:27,  1.70s/it]
368it [09:29,  1.70s/it]
369it [09:30,  1.69s/it]
370it [09:32,  1.68s/it]
371it [09:34,  1.67s/it]
372it [09:35,  1.64s/it]
373it [09:37,  1.63s/it]
374it [09:38,  1.61s/it]
375it [09:40,  1.64s/it]
376it [09:42,  1.64s/it]
377it [09:43,  1.64s/it]
378it [09:45,  1.63s/it]
379it [09:47,  1.65s/it]
380it [09:48,  1.63s/it]
381it [09:50,  1.63s/it]
382it [09:51,  1.63s/it]
383it [09:53,  1.63s/it]
384it [09:55,  1.63s/it]
385it [09:56,  1.64s/it]
386it [09:58,  1.65s/it]
387it [10:00,  1.64s/it]
388it [10:01,  1.65s/it]
389it [10:03,  1.67s/it]
390it [10:05,  1.68s/it]
391it [10:06,  1.67s/it]
392it [10:08,  1.66s/it]
393it [10:10,  1.66s/it]
394it [10:11,  1.66s/it]
395it [10:13,  1.65s/it]
396it [10:15,  1.63s/it]
397it [10:16,  1.66s/it]
398it [10:18,  1.67s/it]
399it [10:20,  1.67s/it]
400it [10:21,  1.67s/it]
401it [10:23,  1.65s/it]
402it [10:24,  1.60s/it]
403it [10:26,  1.54s/it]
404it [10:27,  1.46s/it]
405it [10:28,  1.43s/it]
406it [10:30,  1.43s/it]
407it [10:31,  1.43s/it]
408it [10:33,  1.40s/it]
409it [10:34,  1.48s/it]
410it [10:36,  1.55s/it]
411it [10:38,  1.59s/it]
412it [10:39,  1.61s/it]
413it [10:41,  1.62s/it]
414it [10:43,  1.64s/it]
415it [10:44,  1.64s/it]
416it [10:46,  1.61s/it]
417it [10:47,  1.61s/it]
418it [10:49,  1.63s/it]
419it [10:51,  1.65s/it]
420it [10:52,  1.65s/it]
421it [10:54,  1.64s/it]
422it [10:56,  1.65s/it]
423it [10:57,  1.64s/it]
424it [10:59,  1.65s/it]
425it [11:01,  1.63s/it]
426it [11:02,  1.63s/it]
427it [11:04,  1.64s/it]
428it [11:06,  1.64s/it]
429it [11:07,  1.61s/it]
430it [11:09,  1.61s/it]
431it [11:10,  1.61s/it]
432it [11:12,  1.63s/it]
433it [11:14,  1.64s/it]
434it [11:15,  1.62s/it]
435it [11:17,  1.62s/it]
436it [11:19,  1.63s/it]
437it [11:20,  1.65s/it]
438it [11:22,  1.65s/it]
439it [11:24,  1.65s/it]
440it [11:25,  1.66s/it]
441it [11:27,  1.64s/it]
442it [11:28,  1.66s/it]
443it [11:30,  1.69s/it]
444it [11:32,  1.72s/it]
445it [11:34,  1.74s/it]
446it [11:36,  1.72s/it]
447it [11:37,  1.73s/it]
448it [11:39,  1.74s/it]
449it [11:41,  1.74s/it]
450it [11:42,  1.73s/it]
451it [11:44,  1.74s/it]
452it [11:46,  1.75s/it]
453it [11:48,  1.74s/it]
454it [11:49,  1.74s/it]
455it [11:51,  1.73s/it]
456it [11:53,  1.74s/it]
457it [11:55,  1.73s/it]
458it [11:56,  1.73s/it]
459it [11:58,  1.73s/it]
460it [12:00,  1.75s/it]
461it [12:02,  1.75s/it]
462it [12:03,  1.76s/it]
463it [12:05,  1.77s/it]
464it [12:07,  1.79s/it]
465it [12:09,  1.78s/it]
466it [12:11,  1.77s/it]
467it [12:12,  1.77s/it]
468it [12:14,  1.78s/it]
469it [12:16,  1.77s/it]
470it [12:18,  1.75s/it]
471it [12:19,  1.73s/it]
472it [12:21,  1.71s/it]
473it [12:23,  1.69s/it]
474it [12:24,  1.71s/it]
475it [12:26,  1.70s/it]
476it [12:28,  1.70s/it]
477it [12:29,  1.69s/it]
478it [12:31,  1.70s/it]
479it [12:33,  1.71s/it]
480it [12:35,  1.70s/it]
480it [12:35,  1.57s/it]

/public4/dataset_yl/forecastpower/shandongforecast/shandong_power/2024/202411/20241114
模型加载完成
the system time is 2024-11-14 12:00:00
480
参数加载完成
2024-11-14 12:05:40 CST: 1-solar push
模型加载完成
the system time is 2024-11-14 12:00:00
480
参数加载完成
2024-11-14 12:18:23 CST: 2-wind push


0it [00:00, ?it/s]
1it [00:00,  1.25it/s]
2it [00:00,  2.28it/s]
4it [00:01,  4.04it/s]
5it [00:02,  2.48it/s]
6it [00:02,  2.05it/s]
22it [00:02, 15.01it/s]
28it [00:03,  9.52it/s]
45it [00:04, 20.33it/s]
62it [00:04, 33.33it/s]
77it [00:04, 46.08it/s]
89it [00:05, 26.35it/s]
98it [00:05, 25.92it/s]
112it [00:05, 36.05it/s]
121it [00:05, 35.20it/s]
139it [00:05, 52.20it/s]
150it [00:07, 21.27it/s]
165it [00:07, 29.67it/s]
175it [00:07, 34.37it/s]
184it [00:07, 40.11it/s]
193it [00:07, 43.33it/s]
201it [00:08, 28.84it/s]
219it [00:08, 45.59it/s]
233it [00:08, 58.06it/s]
249it [00:08, 73.70it/s]
261it [00:09, 36.38it/s]
276it [00:09, 48.31it/s]
293it [00:09, 64.14it/s]
306it [00:11, 18.28it/s]
324it [00:11, 26.72it/s]
336it [00:12, 19.94it/s]
345it [00:13, 18.93it/s]
352it [00:14, 13.04it/s]
357it [00:15, 13.62it/s]
375it [00:15, 23.53it/s]
393it [00:15, 35.68it/s]
410it [00:15, 49.05it/s]
423it [00:15, 57.07it/s]
435it [00:16, 35.69it/s]
444it [00:17, 20.96it/s]
451it [00:18, 16.47it/s]
458it [00:18, 19.33it/s]
463it [00:18, 20.28it/s]
485it [00:18, 39.31it/s]
505it [00:18, 58.35it/s]
524it [00:18, 76.91it/s]
538it [00:19, 37.52it/s]
549it [00:19, 43.55it/s]
559it [00:19, 47.08it/s]
568it [00:19, 51.98it/s]
577it [00:20, 23.56it/s]
594it [00:21, 35.48it/s]
603it [00:21, 25.49it/s]
610it [00:22, 25.98it/s]
618it [00:22, 29.14it/s]
636it [00:22, 46.45it/s]
655it [00:22, 65.22it/s]
667it [00:22, 70.27it/s]
683it [00:22, 86.18it/s]
697it [00:22, 97.04it/s]
710it [00:22, 101.93it/s]
723it [00:22, 102.21it/s]
735it [00:23, 39.25it/s] 
744it [00:24, 30.63it/s]
760it [00:24, 43.35it/s]
771it [00:24, 49.16it/s]
781it [00:24, 54.79it/s]
790it [00:25, 42.64it/s]
797it [00:25, 36.92it/s]
805it [00:25, 42.62it/s]
812it [00:26, 23.19it/s]
819it [00:26, 27.67it/s]
827it [00:26, 34.35it/s]
839it [00:26, 45.61it/s]
846it [00:26, 45.87it/s]
865it [00:26, 72.20it/s]
884it [00:26, 96.73it/s]
897it [00:26, 96.10it/s]
910it [00:27, 102.97it/s]
924it [00:27, 111.65it/s]
937it [00:28, 27.38it/s] 
941it [00:28, 32.97it/s]

0it [00:00, ?it/s]
1it [00:00,  6.24it/s]
19it [00:00, 87.99it/s]
37it [00:00, 122.99it/s]
56it [00:00, 144.44it/s]
75it [00:00, 157.84it/s]
94it [00:00, 166.10it/s]
113it [00:00, 170.83it/s]
132it [00:00, 175.38it/s]
150it [00:01, 49.68it/s] 
163it [00:01, 57.16it/s]
176it [00:03, 25.45it/s]
185it [00:03, 21.93it/s]
203it [00:04, 32.20it/s]
219it [00:04, 42.94it/s]
234it [00:04, 54.42it/s]
247it [00:04, 64.35it/s]
264it [00:04, 80.59it/s]
278it [00:04, 67.71it/s]
289it [00:06, 24.17it/s]
307it [00:06, 35.07it/s]
318it [00:07, 23.53it/s]
335it [00:07, 30.17it/s]
343it [00:07, 27.99it/s]
359it [00:07, 39.15it/s]
374it [00:08, 51.19it/s]
390it [00:08, 65.79it/s]
403it [00:09, 21.01it/s]
423it [00:09, 31.68it/s]
443it [00:10, 44.84it/s]
458it [00:10, 52.78it/s]
472it [00:11, 31.04it/s]
482it [00:11, 31.86it/s]
490it [00:12, 20.79it/s]
496it [00:12, 22.84it/s]
502it [00:12, 22.91it/s]
507it [00:12, 25.38it/s]
513it [00:12, 28.93it/s]
531it [00:13, 50.65it/s]
546it [00:13, 66.80it/s]
562it [00:13, 84.69it/s]
578it [00:13, 100.68it/s]
591it [00:13, 94.44it/s] 
604it [00:13, 102.37it/s]
616it [00:14, 39.96it/s] 
625it [00:15, 21.00it/s]
632it [00:16, 13.85it/s]
638it [00:16, 16.18it/s]
644it [00:17, 15.38it/s]
661it [00:17, 26.71it/s]
669it [00:17, 30.76it/s]
676it [00:18, 19.70it/s]
682it [00:18, 22.17it/s]
688it [00:18, 25.44it/s]
699it [00:18, 35.48it/s]
706it [00:18, 38.69it/s]
725it [00:18, 64.17it/s]
743it [00:19, 86.67it/s]
756it [00:20, 26.66it/s]
765it [00:20, 30.33it/s]
773it [00:20, 34.01it/s]
786it [00:20, 45.31it/s]
801it [00:20, 60.36it/s]
812it [00:21, 37.66it/s]
822it [00:21, 44.56it/s]
831it [00:22, 29.92it/s]
841it [00:22, 37.15it/s]
849it [00:22, 31.43it/s]
863it [00:22, 41.65it/s]
870it [00:24, 14.01it/s]
880it [00:24, 18.93it/s]
887it [00:24, 21.93it/s]
894it [00:24, 25.33it/s]
907it [00:25, 37.10it/s]
923it [00:25, 54.11it/s]
939it [00:25, 64.11it/s]
941it [00:25, 37.18it/s]

/public4/dataset_yl/forecastpower/shandongforecast/shandong_power/2024/202411/20241114
模型加载完成
the system time is 2024-11-14 17:00:04.378333
941
参数加载完成
2024-11-14 17:05:42 CST: 1-solar push
模型加载完成
the system time is 2024-11-14 17:00:04.378333
941
参数加载完成
2024-11-14 17:06:24 CST: 2-wind push

